2020-03-22 19:18:20 [10.10.10.101][-][-][error][yii\web\HttpException:404] yii\base\InvalidRouteException: Unable to resolve the request "". in /var/www/task11/data/www/yii.task11.ru/vendor/yiisoft/yii2/base/Module.php:537
Stack trace:
#0 /var/www/task11/data/www/yii.task11.ru/vendor/yiisoft/yii2/web/Application.php(103): yii\base\Module->runAction('', Array)
#1 /var/www/task11/data/www/yii.task11.ru/vendor/yiisoft/yii2/base/Application.php(386): yii\web\Application->handleRequest(Object(yii\web\Request))
#2 /var/www/task11/data/www/yii.task11.ru/web/index.php(12): yii\base\Application->run()
#3 {main}

Next yii\web\NotFoundHttpException: Page not found. in /var/www/task11/data/www/yii.task11.ru/vendor/yiisoft/yii2/web/Application.php:115
Stack trace:
#0 /var/www/task11/data/www/yii.task11.ru/vendor/yiisoft/yii2/base/Application.php(386): yii\web\Application->handleRequest(Object(yii\web\Request))
#1 /var/www/task11/data/www/yii.task11.ru/web/index.php(12): yii\base\Application->run()
#2 {main}
2020-03-22 19:18:20 [10.10.10.101][-][-][info][application] $_GET = []

$_POST = []

$_FILES = []

$_COOKIE = [
    '_ga' => 'GA1.2.740016244.1584448741'
    '_ym_uid' => '1584448741405854175'
    '_ym_d' => '1584448741'
    'PHPSESSID' => '7arg34jqpi88popqdbq4763r81'
    '_csrf' => '1034d7924c5728b1e5c957385e266b93bff55b4a1bddefd76847bc8ed063bb3ea:2:{i:0;s:5:\"_csrf\";i:1;s:32:\"nPvubRPYDdK5kCn6OLGigGTcSyuI9jts\";}'
]

$_SESSION = [
    '__flash' => []
]

$_SERVER = [
    'REDIRECT_HANDLER' => 'application/x-httpd-php5'
    'REDIRECT_STATUS' => '200'
    'HTTP_HOST' => 'yii.task11.ru'
    'HTTP_CONNECTION' => 'keep-alive'
    'HTTP_UPGRADE_INSECURE_REQUESTS' => '1'
    'HTTP_USER_AGENT' => 'Mozilla/5.0 (Macintosh; Intel Mac OS X 10_15_2) AppleWebKit/537.36 (KHTML, like Gecko) Chrome/80.0.3987.149 Safari/537.36'
    'HTTP_ACCEPT' => 'text/html,application/xhtml+xml,application/xml;q=0.9,image/webp,image/apng,*/*;q=0.8,application/signed-exchange;v=b3;q=0.9'
    'HTTP_REFERER' => 'http://yii.task11.ru/'
    'HTTP_ACCEPT_ENCODING' => 'gzip, deflate'
    'HTTP_ACCEPT_LANGUAGE' => 'ru-RU,ru;q=0.9,en-US;q=0.8,en;q=0.7'
    'HTTP_COOKIE' => '_ga=GA1.2.740016244.1584448741; _ym_uid=1584448741405854175; _ym_d=1584448741; PHPSESSID=7arg34jqpi88popqdbq4763r81; _csrf=1034d7924c5728b1e5c957385e266b93bff55b4a1bddefd76847bc8ed063bb3ea%3A2%3A%7Bi%3A0%3Bs%3A5%3A%22_csrf%22%3Bi%3A1%3Bs%3A32%3A%22nPvubRPYDdK5kCn6OLGigGTcSyuI9jts%22%3B%7D'
    'PATH' => '/usr/local/sbin:/usr/local/bin:/usr/sbin:/usr/bin:/sbin:/bin'
    'SERVER_SIGNATURE' => '<address>Apache/2.4.25 (Debian) Server at yii.task11.ru Port 80</address>
'
    'SERVER_SOFTWARE' => 'Apache/2.4.25 (Debian)'
    'SERVER_NAME' => 'yii.task11.ru'
    'SERVER_ADDR' => '10.10.10.34'
    'SERVER_PORT' => '80'
    'REMOTE_ADDR' => '10.10.10.101'
    'DOCUMENT_ROOT' => '/var/www/task11/data/www/yii.task11.ru'
    'REQUEST_SCHEME' => 'http'
    'CONTEXT_PREFIX' => '/php-bin/'
    'CONTEXT_DOCUMENT_ROOT' => '/var/www/php-bin/task11/'
    'SERVER_ADMIN' => 'webmaster@yii.task11.ru'
    'SCRIPT_FILENAME' => '/var/www/task11/data/www/yii.task11.ru/web/index.php'
    'REMOTE_PORT' => '51844'
    'REDIRECT_URL' => '/web/index.php'
    'GATEWAY_INTERFACE' => 'CGI/1.1'
    'SERVER_PROTOCOL' => 'HTTP/1.1'
    'REQUEST_METHOD' => 'GET'
    'QUERY_STRING' => ''
    'REQUEST_URI' => '/web/'
    'SCRIPT_NAME' => '/web/index.php'
    'ORIG_SCRIPT_FILENAME' => '/var/www/php-bin/task11/php'
    'ORIG_PATH_INFO' => '/web/index.php'
    'ORIG_PATH_TRANSLATED' => '/var/www/task11/data/www/yii.task11.ru/web/index.php'
    'ORIG_SCRIPT_NAME' => '/php-bin/php'
    'PHP_SELF' => '/web/index.php'
    'REQUEST_TIME_FLOAT' => 1584893900.7058
    'REQUEST_TIME' => 1584893900
]
2020-04-14 17:58:41 [10.10.10.109][-][-][error][yii\web\HttpException:404] yii\base\InvalidRouteException: Unable to resolve the request "". in /var/www/task11/data/www/yii.task11.ru/vendor/yiisoft/yii2/base/Module.php:537
Stack trace:
#0 /var/www/task11/data/www/yii.task11.ru/vendor/yiisoft/yii2/web/Application.php(103): yii\base\Module->runAction('', Array)
#1 /var/www/task11/data/www/yii.task11.ru/vendor/yiisoft/yii2/base/Application.php(386): yii\web\Application->handleRequest(Object(yii\web\Request))
#2 /var/www/task11/data/www/yii.task11.ru/web/index.php(12): yii\base\Application->run()
#3 {main}

Next yii\web\NotFoundHttpException: Page not found. in /var/www/task11/data/www/yii.task11.ru/vendor/yiisoft/yii2/web/Application.php:115
Stack trace:
#0 /var/www/task11/data/www/yii.task11.ru/vendor/yiisoft/yii2/base/Application.php(386): yii\web\Application->handleRequest(Object(yii\web\Request))
#1 /var/www/task11/data/www/yii.task11.ru/web/index.php(12): yii\base\Application->run()
#2 {main}
2020-04-14 17:58:41 [10.10.10.109][-][-][info][application] $_GET = []

$_POST = []

$_FILES = []

$_COOKIE = [
    '_ga' => 'GA1.2.125282698.1586872892'
    '_gid' => 'GA1.2.336102304.1586872892'
    '_ym_uid' => '1586872892986191782'
    '_ym_d' => '1586872892'
    '_ym_isad' => '1'
    'PHPSESSID' => 'tm1pk8qfp3av9jf2eb32t0stb2'
    '_csrf' => '152369c9d0b2d5a754ec5d1100af14f40146ef644f577729e9091085ef912b32a:2:{i:0;s:5:\"_csrf\";i:1;s:32:\"CAxUmCKNVBBIV6Nx_KSbUX4cGjS8ZYWJ\";}'
]

$_SESSION = [
    '__flash' => []
    '__captcha/site/captcha' => 'rsdere'
    '__captcha/site/captchacount' => 1
]

$_SERVER = [
    'REDIRECT_HANDLER' => 'application/x-httpd-php5'
    'REDIRECT_STATUS' => '200'
    'HTTP_HOST' => 'yii.task11.ru'
    'HTTP_CONNECTION' => 'keep-alive'
    'HTTP_UPGRADE_INSECURE_REQUESTS' => '1'
    'HTTP_USER_AGENT' => 'Mozilla/5.0 (X11; Linux x86_64) AppleWebKit/537.36 (KHTML, like Gecko) Chrome/81.0.4044.92 Safari/537.36'
    'HTTP_ACCEPT' => 'text/html,application/xhtml+xml,application/xml;q=0.9,image/webp,image/apng,*/*;q=0.8,application/signed-exchange;v=b3;q=0.9'
    'HTTP_REFERER' => 'http://yii.task11.ru/'
    'HTTP_ACCEPT_ENCODING' => 'gzip, deflate'
    'HTTP_ACCEPT_LANGUAGE' => 'ru-RU,ru;q=0.9,en-US;q=0.8,en;q=0.7'
    'HTTP_COOKIE' => '_ga=GA1.2.125282698.1586872892; _gid=GA1.2.336102304.1586872892; _ym_uid=1586872892986191782; _ym_d=1586872892; _ym_isad=1; PHPSESSID=tm1pk8qfp3av9jf2eb32t0stb2; _csrf=152369c9d0b2d5a754ec5d1100af14f40146ef644f577729e9091085ef912b32a%3A2%3A%7Bi%3A0%3Bs%3A5%3A%22_csrf%22%3Bi%3A1%3Bs%3A32%3A%22CAxUmCKNVBBIV6Nx_KSbUX4cGjS8ZYWJ%22%3B%7D'
    'PATH' => '/usr/local/sbin:/usr/local/bin:/usr/sbin:/usr/bin:/sbin:/bin'
    'SERVER_SIGNATURE' => '<address>Apache/2.4.25 (Debian) Server at yii.task11.ru Port 80</address>
'
    'SERVER_SOFTWARE' => 'Apache/2.4.25 (Debian)'
    'SERVER_NAME' => 'yii.task11.ru'
    'SERVER_ADDR' => '10.10.10.34'
    'SERVER_PORT' => '80'
    'REMOTE_ADDR' => '10.10.10.109'
    'DOCUMENT_ROOT' => '/var/www/task11/data/www/yii.task11.ru'
    'REQUEST_SCHEME' => 'http'
    'CONTEXT_PREFIX' => '/php-bin/'
    'CONTEXT_DOCUMENT_ROOT' => '/var/www/php-bin/task11/'
    'SERVER_ADMIN' => 'webmaster@yii.task11.ru'
    'SCRIPT_FILENAME' => '/var/www/task11/data/www/yii.task11.ru/web/index.php'
    'REMOTE_PORT' => '49358'
    'REDIRECT_URL' => '/web/index.php'
    'GATEWAY_INTERFACE' => 'CGI/1.1'
    'SERVER_PROTOCOL' => 'HTTP/1.1'
    'REQUEST_METHOD' => 'GET'
    'QUERY_STRING' => ''
    'REQUEST_URI' => '/web/'
    'SCRIPT_NAME' => '/web/index.php'
    'ORIG_SCRIPT_FILENAME' => '/var/www/php-bin/task11/php'
    'ORIG_PATH_INFO' => '/web/index.php'
    'ORIG_PATH_TRANSLATED' => '/var/www/task11/data/www/yii.task11.ru/web/index.php'
    'ORIG_SCRIPT_NAME' => '/php-bin/php'
    'PHP_SELF' => '/web/index.php'
    'REQUEST_TIME_FLOAT' => 1586876321.7541
    'REQUEST_TIME' => 1586876321
]
2020-04-14 17:58:52 [10.10.10.109][-][-][error][yii\web\HttpException:404] yii\base\InvalidRouteException: Unable to resolve the request "". in /var/www/task11/data/www/yii.task11.ru/vendor/yiisoft/yii2/base/Module.php:537
Stack trace:
#0 /var/www/task11/data/www/yii.task11.ru/vendor/yiisoft/yii2/web/Application.php(103): yii\base\Module->runAction('', Array)
#1 /var/www/task11/data/www/yii.task11.ru/vendor/yiisoft/yii2/base/Application.php(386): yii\web\Application->handleRequest(Object(yii\web\Request))
#2 /var/www/task11/data/www/yii.task11.ru/web/index.php(12): yii\base\Application->run()
#3 {main}

Next yii\web\NotFoundHttpException: Page not found. in /var/www/task11/data/www/yii.task11.ru/vendor/yiisoft/yii2/web/Application.php:115
Stack trace:
#0 /var/www/task11/data/www/yii.task11.ru/vendor/yiisoft/yii2/base/Application.php(386): yii\web\Application->handleRequest(Object(yii\web\Request))
#1 /var/www/task11/data/www/yii.task11.ru/web/index.php(12): yii\base\Application->run()
#2 {main}
2020-04-14 17:58:52 [10.10.10.109][-][-][info][application] $_GET = []

$_POST = []

$_FILES = []

$_COOKIE = [
    '_ga' => 'GA1.2.125282698.1586872892'
    '_gid' => 'GA1.2.336102304.1586872892'
    '_ym_uid' => '1586872892986191782'
    '_ym_d' => '1586872892'
    '_ym_isad' => '1'
    'PHPSESSID' => 'tm1pk8qfp3av9jf2eb32t0stb2'
    '_csrf' => '152369c9d0b2d5a754ec5d1100af14f40146ef644f577729e9091085ef912b32a:2:{i:0;s:5:\"_csrf\";i:1;s:32:\"CAxUmCKNVBBIV6Nx_KSbUX4cGjS8ZYWJ\";}'
]

$_SESSION = [
    '__flash' => []
    '__captcha/site/captcha' => 'rsdere'
    '__captcha/site/captchacount' => 1
]

$_SERVER = [
    'REDIRECT_HANDLER' => 'application/x-httpd-php5'
    'REDIRECT_STATUS' => '200'
    'HTTP_HOST' => 'yii.task11.ru'
    'HTTP_CONNECTION' => 'keep-alive'
    'HTTP_CACHE_CONTROL' => 'max-age=0'
    'HTTP_UPGRADE_INSECURE_REQUESTS' => '1'
    'HTTP_USER_AGENT' => 'Mozilla/5.0 (X11; Linux x86_64) AppleWebKit/537.36 (KHTML, like Gecko) Chrome/81.0.4044.92 Safari/537.36'
    'HTTP_ACCEPT' => 'text/html,application/xhtml+xml,application/xml;q=0.9,image/webp,image/apng,*/*;q=0.8,application/signed-exchange;v=b3;q=0.9'
    'HTTP_REFERER' => 'http://yii.task11.ru/'
    'HTTP_ACCEPT_ENCODING' => 'gzip, deflate'
    'HTTP_ACCEPT_LANGUAGE' => 'ru-RU,ru;q=0.9,en-US;q=0.8,en;q=0.7'
    'HTTP_COOKIE' => '_ga=GA1.2.125282698.1586872892; _gid=GA1.2.336102304.1586872892; _ym_uid=1586872892986191782; _ym_d=1586872892; _ym_isad=1; PHPSESSID=tm1pk8qfp3av9jf2eb32t0stb2; _csrf=152369c9d0b2d5a754ec5d1100af14f40146ef644f577729e9091085ef912b32a%3A2%3A%7Bi%3A0%3Bs%3A5%3A%22_csrf%22%3Bi%3A1%3Bs%3A32%3A%22CAxUmCKNVBBIV6Nx_KSbUX4cGjS8ZYWJ%22%3B%7D'
    'PATH' => '/usr/local/sbin:/usr/local/bin:/usr/sbin:/usr/bin:/sbin:/bin'
    'SERVER_SIGNATURE' => '<address>Apache/2.4.25 (Debian) Server at yii.task11.ru Port 80</address>
'
    'SERVER_SOFTWARE' => 'Apache/2.4.25 (Debian)'
    'SERVER_NAME' => 'yii.task11.ru'
    'SERVER_ADDR' => '10.10.10.34'
    'SERVER_PORT' => '80'
    'REMOTE_ADDR' => '10.10.10.109'
    'DOCUMENT_ROOT' => '/var/www/task11/data/www/yii.task11.ru'
    'REQUEST_SCHEME' => 'http'
    'CONTEXT_PREFIX' => '/php-bin/'
    'CONTEXT_DOCUMENT_ROOT' => '/var/www/php-bin/task11/'
    'SERVER_ADMIN' => 'webmaster@yii.task11.ru'
    'SCRIPT_FILENAME' => '/var/www/task11/data/www/yii.task11.ru/web/index.php'
    'REMOTE_PORT' => '49366'
    'REDIRECT_URL' => '/web/index.php'
    'GATEWAY_INTERFACE' => 'CGI/1.1'
    'SERVER_PROTOCOL' => 'HTTP/1.1'
    'REQUEST_METHOD' => 'GET'
    'QUERY_STRING' => ''
    'REQUEST_URI' => '/web/'
    'SCRIPT_NAME' => '/web/index.php'
    'ORIG_SCRIPT_FILENAME' => '/var/www/php-bin/task11/php'
    'ORIG_PATH_INFO' => '/web/index.php'
    'ORIG_PATH_TRANSLATED' => '/var/www/task11/data/www/yii.task11.ru/web/index.php'
    'ORIG_SCRIPT_NAME' => '/php-bin/php'
    'PHP_SELF' => '/web/index.php'
    'REQUEST_TIME_FLOAT' => 1586876332.1851
    'REQUEST_TIME' => 1586876332
]
